<?xml version="1.0" encoding="UTF-8"?>
<!-- Generated by org.testng.reporters.JUnitReportReporter -->
<testsuite hostname="Abegh-PC" failures="0" tests="1" name="Day8.UpdateUser" time="0.344" errors="0" timestamp="2023-12-01T02:18:32 BDT" skipped="0">
  <testcase classname="Day8.UpdateUser" name="test_updateUser" time="0.344"/>
  <system-out/>
</testsuite> <!-- Day8.UpdateUser -->
