<?xml version="1.0" encoding="UTF-8"?>
<!-- Generated by org.testng.reporters.JUnitReportReporter -->
<testsuite hostname="polygon-B250M-HD3" failures="0" tests="1" name="Day1.HttpRequests" time="1.834" errors="0" timestamp="2023-11-15T17:40:58 BDT" skipped="0">
  <testcase classname="Day1.HttpRequests" name="getUsers" time="1.834"/>
  <system-out/>
</testsuite> <!-- Day1.HttpRequests -->
